<?xml version="1.0" encoding="UTF-8"?>
<testsuite xmlns:xsi="http://www.w3.org/2001/XMLSchema-instance" xsi:noNamespaceSchemaLocation="https://maven.apache.org/surefire/maven-surefire-plugin/xsd/surefire-test-report.xsd" name="com.wang.MyWebApplicationTests" time="0.994" tests="0" errors="0" skipped="0" failures="0">
  <properties>
    <property name="sun.desktop" value="windows"/>
    <property name="awt.toolkit" value="sun.awt.windows.WToolkit"/>
    <property name="file.encoding.pkg" value="sun.io"/>
    <property name="java.specification.version" value="1.8"/>
    <property name="sun.cpu.isalist" value="amd64"/>
    <property name="sun.jnu.encoding" value="GBK"/>
    <property name="java.class.path" value="H:\MyWeb\target\test-classes;H:\MyWeb\target\classes;E:\Program Files\apache-maven-3.8.1\maven-repo\org\springframework\boot\spring-boot-starter-jdbc\2.6.0\spring-boot-starter-jdbc-2.6.0.jar;E:\Program Files\apache-maven-3.8.1\maven-repo\org\springframework\boot\spring-boot-starter\2.6.0\spring-boot-starter-2.6.0.jar;E:\Program Files\apache-maven-3.8.1\maven-repo\org\springframework\boot\spring-boot\2.6.0\spring-boot-2.6.0.jar;E:\Program Files\apache-maven-3.8.1\maven-repo\org\springframework\boot\spring-boot-autoconfigure\2.6.0\spring-boot-autoconfigure-2.6.0.jar;E:\Program Files\apache-maven-3.8.1\maven-repo\org\springframework\boot\spring-boot-starter-logging\2.6.0\spring-boot-starter-logging-2.6.0.jar;E:\Program Files\apache-maven-3.8.1\maven-repo\ch\qos\logback\logback-classic\1.2.7\logback-classic-1.2.7.jar;E:\Program Files\apache-maven-3.8.1\maven-repo\ch\qos\logback\logback-core\1.2.7\logback-core-1.2.7.jar;E:\Program Files\apache-maven-3.8.1\maven-repo\org\apache\logging\log4j\log4j-to-slf4j\2.14.1\log4j-to-slf4j-2.14.1.jar;E:\Program Files\apache-maven-3.8.1\maven-repo\jakarta\annotation\jakarta.annotation-api\1.3.5\jakarta.annotation-api-1.3.5.jar;E:\Program Files\apache-maven-3.8.1\maven-repo\org\yaml\snakeyaml\1.29\snakeyaml-1.29.jar;E:\Program Files\apache-maven-3.8.1\maven-repo\com\zaxxer\HikariCP\4.0.3\HikariCP-4.0.3.jar;E:\Program Files\apache-maven-3.8.1\maven-repo\org\slf4j\slf4j-api\1.7.32\slf4j-api-1.7.32.jar;E:\Program Files\apache-maven-3.8.1\maven-repo\org\springframework\spring-jdbc\5.3.13\spring-jdbc-5.3.13.jar;E:\Program Files\apache-maven-3.8.1\maven-repo\org\springframework\spring-beans\5.3.13\spring-beans-5.3.13.jar;E:\Program Files\apache-maven-3.8.1\maven-repo\org\springframework\spring-tx\5.3.13\spring-tx-5.3.13.jar;E:\Program Files\apache-maven-3.8.1\maven-repo\org\springframework\boot\spring-boot-starter-thymeleaf\2.6.0\spring-boot-starter-thymeleaf-2.6.0.jar;E:\Program Files\apache-maven-3.8.1\maven-repo\org\thymeleaf\thymeleaf-spring5\3.0.12.RELEASE\thymeleaf-spring5-3.0.12.RELEASE.jar;E:\Program Files\apache-maven-3.8.1\maven-repo\org\thymeleaf\thymeleaf\3.0.12.RELEASE\thymeleaf-3.0.12.RELEASE.jar;E:\Program Files\apache-maven-3.8.1\maven-repo\org\attoparser\attoparser\2.0.5.RELEASE\attoparser-2.0.5.RELEASE.jar;E:\Program Files\apache-maven-3.8.1\maven-repo\org\unbescape\unbescape\1.1.6.RELEASE\unbescape-1.1.6.RELEASE.jar;E:\Program Files\apache-maven-3.8.1\maven-repo\org\thymeleaf\extras\thymeleaf-extras-java8time\3.0.4.RELEASE\thymeleaf-extras-java8time-3.0.4.RELEASE.jar;E:\Program Files\apache-maven-3.8.1\maven-repo\org\springframework\boot\spring-boot-starter-web\2.6.0\spring-boot-starter-web-2.6.0.jar;E:\Program Files\apache-maven-3.8.1\maven-repo\org\springframework\boot\spring-boot-starter-json\2.6.0\spring-boot-starter-json-2.6.0.jar;E:\Program Files\apache-maven-3.8.1\maven-repo\com\fasterxml\jackson\datatype\jackson-datatype-jdk8\2.13.0\jackson-datatype-jdk8-2.13.0.jar;E:\Program Files\apache-maven-3.8.1\maven-repo\com\fasterxml\jackson\datatype\jackson-datatype-jsr310\2.13.0\jackson-datatype-jsr310-2.13.0.jar;E:\Program Files\apache-maven-3.8.1\maven-repo\com\fasterxml\jackson\module\jackson-module-parameter-names\2.13.0\jackson-module-parameter-names-2.13.0.jar;E:\Program Files\apache-maven-3.8.1\maven-repo\org\springframework\boot\spring-boot-starter-tomcat\2.6.0\spring-boot-starter-tomcat-2.6.0.jar;E:\Program Files\apache-maven-3.8.1\maven-repo\org\apache\tomcat\embed\tomcat-embed-core\9.0.55\tomcat-embed-core-9.0.55.jar;E:\Program Files\apache-maven-3.8.1\maven-repo\org\apache\tomcat\embed\tomcat-embed-el\9.0.55\tomcat-embed-el-9.0.55.jar;E:\Program Files\apache-maven-3.8.1\maven-repo\org\apache\tomcat\embed\tomcat-embed-websocket\9.0.55\tomcat-embed-websocket-9.0.55.jar;E:\Program Files\apache-maven-3.8.1\maven-repo\org\springframework\spring-web\5.3.13\spring-web-5.3.13.jar;E:\Program Files\apache-maven-3.8.1\maven-repo\org\springframework\spring-webmvc\5.3.13\spring-webmvc-5.3.13.jar;E:\Program Files\apache-maven-3.8.1\maven-repo\org\springframework\spring-aop\5.3.13\spring-aop-5.3.13.jar;E:\Program Files\apache-maven-3.8.1\maven-repo\org\springframework\spring-context\5.3.13\spring-context-5.3.13.jar;E:\Program Files\apache-maven-3.8.1\maven-repo\org\springframework\spring-expression\5.3.13\spring-expression-5.3.13.jar;E:\Program Files\apache-maven-3.8.1\maven-repo\mysql\mysql-connector-java\8.0.27\mysql-connector-java-8.0.27.jar;E:\Program Files\apache-maven-3.8.1\maven-repo\org\springframework\boot\spring-boot-starter-test\2.6.0\spring-boot-starter-test-2.6.0.jar;E:\Program Files\apache-maven-3.8.1\maven-repo\org\springframework\boot\spring-boot-test\2.6.0\spring-boot-test-2.6.0.jar;E:\Program Files\apache-maven-3.8.1\maven-repo\org\springframework\boot\spring-boot-test-autoconfigure\2.6.0\spring-boot-test-autoconfigure-2.6.0.jar;E:\Program Files\apache-maven-3.8.1\maven-repo\com\jayway\jsonpath\json-path\2.6.0\json-path-2.6.0.jar;E:\Program Files\apache-maven-3.8.1\maven-repo\net\minidev\json-smart\2.4.7\json-smart-2.4.7.jar;E:\Program Files\apache-maven-3.8.1\maven-repo\net\minidev\accessors-smart\2.4.7\accessors-smart-2.4.7.jar;E:\Program Files\apache-maven-3.8.1\maven-repo\org\ow2\asm\asm\9.1\asm-9.1.jar;E:\Program Files\apache-maven-3.8.1\maven-repo\jakarta\xml\bind\jakarta.xml.bind-api\2.3.3\jakarta.xml.bind-api-2.3.3.jar;E:\Program Files\apache-maven-3.8.1\maven-repo\jakarta\activation\jakarta.activation-api\1.2.2\jakarta.activation-api-1.2.2.jar;E:\Program Files\apache-maven-3.8.1\maven-repo\org\assertj\assertj-core\3.21.0\assertj-core-3.21.0.jar;E:\Program Files\apache-maven-3.8.1\maven-repo\org\hamcrest\hamcrest\2.2\hamcrest-2.2.jar;E:\Program Files\apache-maven-3.8.1\maven-repo\org\junit\jupiter\junit-jupiter\5.8.1\junit-jupiter-5.8.1.jar;E:\Program Files\apache-maven-3.8.1\maven-repo\org\junit\jupiter\junit-jupiter-api\5.8.1\junit-jupiter-api-5.8.1.jar;E:\Program Files\apache-maven-3.8.1\maven-repo\org\opentest4j\opentest4j\1.2.0\opentest4j-1.2.0.jar;E:\Program Files\apache-maven-3.8.1\maven-repo\org\junit\platform\junit-platform-commons\1.8.1\junit-platform-commons-1.8.1.jar;E:\Program Files\apache-maven-3.8.1\maven-repo\org\apiguardian\apiguardian-api\1.1.2\apiguardian-api-1.1.2.jar;E:\Program Files\apache-maven-3.8.1\maven-repo\org\junit\jupiter\junit-jupiter-params\5.8.1\junit-jupiter-params-5.8.1.jar;E:\Program Files\apache-maven-3.8.1\maven-repo\org\junit\jupiter\junit-jupiter-engine\5.8.1\junit-jupiter-engine-5.8.1.jar;E:\Program Files\apache-maven-3.8.1\maven-repo\org\junit\platform\junit-platform-engine\1.8.1\junit-platform-engine-1.8.1.jar;E:\Program Files\apache-maven-3.8.1\maven-repo\org\mockito\mockito-core\4.0.0\mockito-core-4.0.0.jar;E:\Program Files\apache-maven-3.8.1\maven-repo\net\bytebuddy\byte-buddy\1.11.22\byte-buddy-1.11.22.jar;E:\Program Files\apache-maven-3.8.1\maven-repo\net\bytebuddy\byte-buddy-agent\1.11.22\byte-buddy-agent-1.11.22.jar;E:\Program Files\apache-maven-3.8.1\maven-repo\org\objenesis\objenesis\3.2\objenesis-3.2.jar;E:\Program Files\apache-maven-3.8.1\maven-repo\org\mockito\mockito-junit-jupiter\4.0.0\mockito-junit-jupiter-4.0.0.jar;E:\Program Files\apache-maven-3.8.1\maven-repo\org\skyscreamer\jsonassert\1.5.0\jsonassert-1.5.0.jar;E:\Program Files\apache-maven-3.8.1\maven-repo\com\vaadin\external\google\android-json\0.0.20131108.vaadin1\android-json-0.0.20131108.vaadin1.jar;E:\Program Files\apache-maven-3.8.1\maven-repo\org\springframework\spring-core\5.3.13\spring-core-5.3.13.jar;E:\Program Files\apache-maven-3.8.1\maven-repo\org\springframework\spring-jcl\5.3.13\spring-jcl-5.3.13.jar;E:\Program Files\apache-maven-3.8.1\maven-repo\org\springframework\spring-test\5.3.13\spring-test-5.3.13.jar;E:\Program Files\apache-maven-3.8.1\maven-repo\org\xmlunit\xmlunit-core\2.8.3\xmlunit-core-2.8.3.jar;E:\Program Files\apache-maven-3.8.1\maven-repo\org\projectlombok\lombok\1.18.22\lombok-1.18.22.jar;E:\Program Files\apache-maven-3.8.1\maven-repo\org\mybatis\spring\boot\mybatis-spring-boot-starter\2.2.0\mybatis-spring-boot-starter-2.2.0.jar;E:\Program Files\apache-maven-3.8.1\maven-repo\org\mybatis\spring\boot\mybatis-spring-boot-autoconfigure\2.2.0\mybatis-spring-boot-autoconfigure-2.2.0.jar;E:\Program Files\apache-maven-3.8.1\maven-repo\org\mybatis\mybatis\3.5.7\mybatis-3.5.7.jar;E:\Program Files\apache-maven-3.8.1\maven-repo\org\mybatis\mybatis-spring\2.0.6\mybatis-spring-2.0.6.jar;E:\Program Files\apache-maven-3.8.1\maven-repo\org\springframework\boot\spring-boot-starter-log4j2\2.6.0\spring-boot-starter-log4j2-2.6.0.jar;E:\Program Files\apache-maven-3.8.1\maven-repo\org\apache\logging\log4j\log4j-slf4j-impl\2.14.1\log4j-slf4j-impl-2.14.1.jar;E:\Program Files\apache-maven-3.8.1\maven-repo\org\apache\logging\log4j\log4j-api\2.14.1\log4j-api-2.14.1.jar;E:\Program Files\apache-maven-3.8.1\maven-repo\org\apache\logging\log4j\log4j-core\2.14.1\log4j-core-2.14.1.jar;E:\Program Files\apache-maven-3.8.1\maven-repo\org\apache\logging\log4j\log4j-jul\2.14.1\log4j-jul-2.14.1.jar;E:\Program Files\apache-maven-3.8.1\maven-repo\org\slf4j\jul-to-slf4j\1.7.32\jul-to-slf4j-1.7.32.jar;E:\Program Files\apache-maven-3.8.1\maven-repo\org\apache\shiro\shiro-spring\1.8.0\shiro-spring-1.8.0.jar;E:\Program Files\apache-maven-3.8.1\maven-repo\org\apache\shiro\shiro-core\1.8.0\shiro-core-1.8.0.jar;E:\Program Files\apache-maven-3.8.1\maven-repo\org\apache\shiro\shiro-lang\1.8.0\shiro-lang-1.8.0.jar;E:\Program Files\apache-maven-3.8.1\maven-repo\org\apache\shiro\shiro-cache\1.8.0\shiro-cache-1.8.0.jar;E:\Program Files\apache-maven-3.8.1\maven-repo\org\apache\shiro\shiro-crypto-hash\1.8.0\shiro-crypto-hash-1.8.0.jar;E:\Program Files\apache-maven-3.8.1\maven-repo\org\apache\shiro\shiro-crypto-core\1.8.0\shiro-crypto-core-1.8.0.jar;E:\Program Files\apache-maven-3.8.1\maven-repo\org\apache\shiro\shiro-crypto-cipher\1.8.0\shiro-crypto-cipher-1.8.0.jar;E:\Program Files\apache-maven-3.8.1\maven-repo\org\apache\shiro\shiro-config-core\1.8.0\shiro-config-core-1.8.0.jar;E:\Program Files\apache-maven-3.8.1\maven-repo\org\apache\shiro\shiro-config-ogdl\1.8.0\shiro-config-ogdl-1.8.0.jar;E:\Program Files\apache-maven-3.8.1\maven-repo\commons-beanutils\commons-beanutils\1.9.4\commons-beanutils-1.9.4.jar;E:\Program Files\apache-maven-3.8.1\maven-repo\commons-collections\commons-collections\3.2.2\commons-collections-3.2.2.jar;E:\Program Files\apache-maven-3.8.1\maven-repo\org\apache\shiro\shiro-event\1.8.0\shiro-event-1.8.0.jar;E:\Program Files\apache-maven-3.8.1\maven-repo\org\apache\shiro\shiro-web\1.8.0\shiro-web-1.8.0.jar;E:\Program Files\apache-maven-3.8.1\maven-repo\org\owasp\encoder\encoder\1.2.2\encoder-1.2.2.jar;E:\Program Files\apache-maven-3.8.1\maven-repo\com\fasterxml\jackson\core\jackson-databind\2.13.0\jackson-databind-2.13.0.jar;E:\Program Files\apache-maven-3.8.1\maven-repo\com\fasterxml\jackson\core\jackson-annotations\2.13.0\jackson-annotations-2.13.0.jar;E:\Program Files\apache-maven-3.8.1\maven-repo\com\fasterxml\jackson\core\jackson-core\2.13.0\jackson-core-2.13.0.jar;E:\Program Files\apache-maven-3.8.1\maven-repo\org\testng\testng\7.4.0\testng-7.4.0.jar;E:\Program Files\apache-maven-3.8.1\maven-repo\com\beust\jcommander\1.78\jcommander-1.78.jar;E:\Program Files\apache-maven-3.8.1\maven-repo\org\webjars\jquery\3.5.1\jquery-3.5.1.jar;E:\Program Files\apache-maven-3.8.1\maven-repo\org\springframework\boot\spring-boot-configuration-processor\2.6.0\spring-boot-configuration-processor-2.6.0.jar;"/>
    <property name="java.vm.vendor" value="Oracle Corporation"/>
    <property name="sun.arch.data.model" value="64"/>
    <property name="user.variant" value=""/>
    <property name="java.vendor.url" value="http://java.oracle.com/"/>
    <property name="user.timezone" value="Asia/Shanghai"/>
    <property name="java.vm.specification.version" value="1.8"/>
    <property name="os.name" value="Windows 10"/>
    <property name="user.country" value="CN"/>
    <property name="sun.java.launcher" value="SUN_STANDARD"/>
    <property name="sun.boot.library.path" value="C:\Program Files\Java\jdk1.8.0_281\jre\bin"/>
    <property name="sun.java.command" value="C:\Users\92600\AppData\Local\Temp\surefire293197598878586314\surefirebooter3711851123477767974.jar C:\Users\92600\AppData\Local\Temp\surefire293197598878586314 2021-12-01T16-39-36_112-jvmRun1 surefire7790379965227559139tmp surefire_07265506856252002047tmp"/>
    <property name="surefire.test.class.path" value="H:\MyWeb\target\test-classes;H:\MyWeb\target\classes;E:\Program Files\apache-maven-3.8.1\maven-repo\org\springframework\boot\spring-boot-starter-jdbc\2.6.0\spring-boot-starter-jdbc-2.6.0.jar;E:\Program Files\apache-maven-3.8.1\maven-repo\org\springframework\boot\spring-boot-starter\2.6.0\spring-boot-starter-2.6.0.jar;E:\Program Files\apache-maven-3.8.1\maven-repo\org\springframework\boot\spring-boot\2.6.0\spring-boot-2.6.0.jar;E:\Program Files\apache-maven-3.8.1\maven-repo\org\springframework\boot\spring-boot-autoconfigure\2.6.0\spring-boot-autoconfigure-2.6.0.jar;E:\Program Files\apache-maven-3.8.1\maven-repo\org\springframework\boot\spring-boot-starter-logging\2.6.0\spring-boot-starter-logging-2.6.0.jar;E:\Program Files\apache-maven-3.8.1\maven-repo\ch\qos\logback\logback-classic\1.2.7\logback-classic-1.2.7.jar;E:\Program Files\apache-maven-3.8.1\maven-repo\ch\qos\logback\logback-core\1.2.7\logback-core-1.2.7.jar;E:\Program Files\apache-maven-3.8.1\maven-repo\org\apache\logging\log4j\log4j-to-slf4j\2.14.1\log4j-to-slf4j-2.14.1.jar;E:\Program Files\apache-maven-3.8.1\maven-repo\jakarta\annotation\jakarta.annotation-api\1.3.5\jakarta.annotation-api-1.3.5.jar;E:\Program Files\apache-maven-3.8.1\maven-repo\org\yaml\snakeyaml\1.29\snakeyaml-1.29.jar;E:\Program Files\apache-maven-3.8.1\maven-repo\com\zaxxer\HikariCP\4.0.3\HikariCP-4.0.3.jar;E:\Program Files\apache-maven-3.8.1\maven-repo\org\slf4j\slf4j-api\1.7.32\slf4j-api-1.7.32.jar;E:\Program Files\apache-maven-3.8.1\maven-repo\org\springframework\spring-jdbc\5.3.13\spring-jdbc-5.3.13.jar;E:\Program Files\apache-maven-3.8.1\maven-repo\org\springframework\spring-beans\5.3.13\spring-beans-5.3.13.jar;E:\Program Files\apache-maven-3.8.1\maven-repo\org\springframework\spring-tx\5.3.13\spring-tx-5.3.13.jar;E:\Program Files\apache-maven-3.8.1\maven-repo\org\springframework\boot\spring-boot-starter-thymeleaf\2.6.0\spring-boot-starter-thymeleaf-2.6.0.jar;E:\Program Files\apache-maven-3.8.1\maven-repo\org\thymeleaf\thymeleaf-spring5\3.0.12.RELEASE\thymeleaf-spring5-3.0.12.RELEASE.jar;E:\Program Files\apache-maven-3.8.1\maven-repo\org\thymeleaf\thymeleaf\3.0.12.RELEASE\thymeleaf-3.0.12.RELEASE.jar;E:\Program Files\apache-maven-3.8.1\maven-repo\org\attoparser\attoparser\2.0.5.RELEASE\attoparser-2.0.5.RELEASE.jar;E:\Program Files\apache-maven-3.8.1\maven-repo\org\unbescape\unbescape\1.1.6.RELEASE\unbescape-1.1.6.RELEASE.jar;E:\Program Files\apache-maven-3.8.1\maven-repo\org\thymeleaf\extras\thymeleaf-extras-java8time\3.0.4.RELEASE\thymeleaf-extras-java8time-3.0.4.RELEASE.jar;E:\Program Files\apache-maven-3.8.1\maven-repo\org\springframework\boot\spring-boot-starter-web\2.6.0\spring-boot-starter-web-2.6.0.jar;E:\Program Files\apache-maven-3.8.1\maven-repo\org\springframework\boot\spring-boot-starter-json\2.6.0\spring-boot-starter-json-2.6.0.jar;E:\Program Files\apache-maven-3.8.1\maven-repo\com\fasterxml\jackson\datatype\jackson-datatype-jdk8\2.13.0\jackson-datatype-jdk8-2.13.0.jar;E:\Program Files\apache-maven-3.8.1\maven-repo\com\fasterxml\jackson\datatype\jackson-datatype-jsr310\2.13.0\jackson-datatype-jsr310-2.13.0.jar;E:\Program Files\apache-maven-3.8.1\maven-repo\com\fasterxml\jackson\module\jackson-module-parameter-names\2.13.0\jackson-module-parameter-names-2.13.0.jar;E:\Program Files\apache-maven-3.8.1\maven-repo\org\springframework\boot\spring-boot-starter-tomcat\2.6.0\spring-boot-starter-tomcat-2.6.0.jar;E:\Program Files\apache-maven-3.8.1\maven-repo\org\apache\tomcat\embed\tomcat-embed-core\9.0.55\tomcat-embed-core-9.0.55.jar;E:\Program Files\apache-maven-3.8.1\maven-repo\org\apache\tomcat\embed\tomcat-embed-el\9.0.55\tomcat-embed-el-9.0.55.jar;E:\Program Files\apache-maven-3.8.1\maven-repo\org\apache\tomcat\embed\tomcat-embed-websocket\9.0.55\tomcat-embed-websocket-9.0.55.jar;E:\Program Files\apache-maven-3.8.1\maven-repo\org\springframework\spring-web\5.3.13\spring-web-5.3.13.jar;E:\Program Files\apache-maven-3.8.1\maven-repo\org\springframework\spring-webmvc\5.3.13\spring-webmvc-5.3.13.jar;E:\Program Files\apache-maven-3.8.1\maven-repo\org\springframework\spring-aop\5.3.13\spring-aop-5.3.13.jar;E:\Program Files\apache-maven-3.8.1\maven-repo\org\springframework\spring-context\5.3.13\spring-context-5.3.13.jar;E:\Program Files\apache-maven-3.8.1\maven-repo\org\springframework\spring-expression\5.3.13\spring-expression-5.3.13.jar;E:\Program Files\apache-maven-3.8.1\maven-repo\mysql\mysql-connector-java\8.0.27\mysql-connector-java-8.0.27.jar;E:\Program Files\apache-maven-3.8.1\maven-repo\org\springframework\boot\spring-boot-starter-test\2.6.0\spring-boot-starter-test-2.6.0.jar;E:\Program Files\apache-maven-3.8.1\maven-repo\org\springframework\boot\spring-boot-test\2.6.0\spring-boot-test-2.6.0.jar;E:\Program Files\apache-maven-3.8.1\maven-repo\org\springframework\boot\spring-boot-test-autoconfigure\2.6.0\spring-boot-test-autoconfigure-2.6.0.jar;E:\Program Files\apache-maven-3.8.1\maven-repo\com\jayway\jsonpath\json-path\2.6.0\json-path-2.6.0.jar;E:\Program Files\apache-maven-3.8.1\maven-repo\net\minidev\json-smart\2.4.7\json-smart-2.4.7.jar;E:\Program Files\apache-maven-3.8.1\maven-repo\net\minidev\accessors-smart\2.4.7\accessors-smart-2.4.7.jar;E:\Program Files\apache-maven-3.8.1\maven-repo\org\ow2\asm\asm\9.1\asm-9.1.jar;E:\Program Files\apache-maven-3.8.1\maven-repo\jakarta\xml\bind\jakarta.xml.bind-api\2.3.3\jakarta.xml.bind-api-2.3.3.jar;E:\Program Files\apache-maven-3.8.1\maven-repo\jakarta\activation\jakarta.activation-api\1.2.2\jakarta.activation-api-1.2.2.jar;E:\Program Files\apache-maven-3.8.1\maven-repo\org\assertj\assertj-core\3.21.0\assertj-core-3.21.0.jar;E:\Program Files\apache-maven-3.8.1\maven-repo\org\hamcrest\hamcrest\2.2\hamcrest-2.2.jar;E:\Program Files\apache-maven-3.8.1\maven-repo\org\junit\jupiter\junit-jupiter\5.8.1\junit-jupiter-5.8.1.jar;E:\Program Files\apache-maven-3.8.1\maven-repo\org\junit\jupiter\junit-jupiter-api\5.8.1\junit-jupiter-api-5.8.1.jar;E:\Program Files\apache-maven-3.8.1\maven-repo\org\opentest4j\opentest4j\1.2.0\opentest4j-1.2.0.jar;E:\Program Files\apache-maven-3.8.1\maven-repo\org\junit\platform\junit-platform-commons\1.8.1\junit-platform-commons-1.8.1.jar;E:\Program Files\apache-maven-3.8.1\maven-repo\org\apiguardian\apiguardian-api\1.1.2\apiguardian-api-1.1.2.jar;E:\Program Files\apache-maven-3.8.1\maven-repo\org\junit\jupiter\junit-jupiter-params\5.8.1\junit-jupiter-params-5.8.1.jar;E:\Program Files\apache-maven-3.8.1\maven-repo\org\junit\jupiter\junit-jupiter-engine\5.8.1\junit-jupiter-engine-5.8.1.jar;E:\Program Files\apache-maven-3.8.1\maven-repo\org\junit\platform\junit-platform-engine\1.8.1\junit-platform-engine-1.8.1.jar;E:\Program Files\apache-maven-3.8.1\maven-repo\org\mockito\mockito-core\4.0.0\mockito-core-4.0.0.jar;E:\Program Files\apache-maven-3.8.1\maven-repo\net\bytebuddy\byte-buddy\1.11.22\byte-buddy-1.11.22.jar;E:\Program Files\apache-maven-3.8.1\maven-repo\net\bytebuddy\byte-buddy-agent\1.11.22\byte-buddy-agent-1.11.22.jar;E:\Program Files\apache-maven-3.8.1\maven-repo\org\objenesis\objenesis\3.2\objenesis-3.2.jar;E:\Program Files\apache-maven-3.8.1\maven-repo\org\mockito\mockito-junit-jupiter\4.0.0\mockito-junit-jupiter-4.0.0.jar;E:\Program Files\apache-maven-3.8.1\maven-repo\org\skyscreamer\jsonassert\1.5.0\jsonassert-1.5.0.jar;E:\Program Files\apache-maven-3.8.1\maven-repo\com\vaadin\external\google\android-json\0.0.20131108.vaadin1\android-json-0.0.20131108.vaadin1.jar;E:\Program Files\apache-maven-3.8.1\maven-repo\org\springframework\spring-core\5.3.13\spring-core-5.3.13.jar;E:\Program Files\apache-maven-3.8.1\maven-repo\org\springframework\spring-jcl\5.3.13\spring-jcl-5.3.13.jar;E:\Program Files\apache-maven-3.8.1\maven-repo\org\springframework\spring-test\5.3.13\spring-test-5.3.13.jar;E:\Program Files\apache-maven-3.8.1\maven-repo\org\xmlunit\xmlunit-core\2.8.3\xmlunit-core-2.8.3.jar;E:\Program Files\apache-maven-3.8.1\maven-repo\org\projectlombok\lombok\1.18.22\lombok-1.18.22.jar;E:\Program Files\apache-maven-3.8.1\maven-repo\org\mybatis\spring\boot\mybatis-spring-boot-starter\2.2.0\mybatis-spring-boot-starter-2.2.0.jar;E:\Program Files\apache-maven-3.8.1\maven-repo\org\mybatis\spring\boot\mybatis-spring-boot-autoconfigure\2.2.0\mybatis-spring-boot-autoconfigure-2.2.0.jar;E:\Program Files\apache-maven-3.8.1\maven-repo\org\mybatis\mybatis\3.5.7\mybatis-3.5.7.jar;E:\Program Files\apache-maven-3.8.1\maven-repo\org\mybatis\mybatis-spring\2.0.6\mybatis-spring-2.0.6.jar;E:\Program Files\apache-maven-3.8.1\maven-repo\org\springframework\boot\spring-boot-starter-log4j2\2.6.0\spring-boot-starter-log4j2-2.6.0.jar;E:\Program Files\apache-maven-3.8.1\maven-repo\org\apache\logging\log4j\log4j-slf4j-impl\2.14.1\log4j-slf4j-impl-2.14.1.jar;E:\Program Files\apache-maven-3.8.1\maven-repo\org\apache\logging\log4j\log4j-api\2.14.1\log4j-api-2.14.1.jar;E:\Program Files\apache-maven-3.8.1\maven-repo\org\apache\logging\log4j\log4j-core\2.14.1\log4j-core-2.14.1.jar;E:\Program Files\apache-maven-3.8.1\maven-repo\org\apache\logging\log4j\log4j-jul\2.14.1\log4j-jul-2.14.1.jar;E:\Program Files\apache-maven-3.8.1\maven-repo\org\slf4j\jul-to-slf4j\1.7.32\jul-to-slf4j-1.7.32.jar;E:\Program Files\apache-maven-3.8.1\maven-repo\org\apache\shiro\shiro-spring\1.8.0\shiro-spring-1.8.0.jar;E:\Program Files\apache-maven-3.8.1\maven-repo\org\apache\shiro\shiro-core\1.8.0\shiro-core-1.8.0.jar;E:\Program Files\apache-maven-3.8.1\maven-repo\org\apache\shiro\shiro-lang\1.8.0\shiro-lang-1.8.0.jar;E:\Program Files\apache-maven-3.8.1\maven-repo\org\apache\shiro\shiro-cache\1.8.0\shiro-cache-1.8.0.jar;E:\Program Files\apache-maven-3.8.1\maven-repo\org\apache\shiro\shiro-crypto-hash\1.8.0\shiro-crypto-hash-1.8.0.jar;E:\Program Files\apache-maven-3.8.1\maven-repo\org\apache\shiro\shiro-crypto-core\1.8.0\shiro-crypto-core-1.8.0.jar;E:\Program Files\apache-maven-3.8.1\maven-repo\org\apache\shiro\shiro-crypto-cipher\1.8.0\shiro-crypto-cipher-1.8.0.jar;E:\Program Files\apache-maven-3.8.1\maven-repo\org\apache\shiro\shiro-config-core\1.8.0\shiro-config-core-1.8.0.jar;E:\Program Files\apache-maven-3.8.1\maven-repo\org\apache\shiro\shiro-config-ogdl\1.8.0\shiro-config-ogdl-1.8.0.jar;E:\Program Files\apache-maven-3.8.1\maven-repo\commons-beanutils\commons-beanutils\1.9.4\commons-beanutils-1.9.4.jar;E:\Program Files\apache-maven-3.8.1\maven-repo\commons-collections\commons-collections\3.2.2\commons-collections-3.2.2.jar;E:\Program Files\apache-maven-3.8.1\maven-repo\org\apache\shiro\shiro-event\1.8.0\shiro-event-1.8.0.jar;E:\Program Files\apache-maven-3.8.1\maven-repo\org\apache\shiro\shiro-web\1.8.0\shiro-web-1.8.0.jar;E:\Program Files\apache-maven-3.8.1\maven-repo\org\owasp\encoder\encoder\1.2.2\encoder-1.2.2.jar;E:\Program Files\apache-maven-3.8.1\maven-repo\com\fasterxml\jackson\core\jackson-databind\2.13.0\jackson-databind-2.13.0.jar;E:\Program Files\apache-maven-3.8.1\maven-repo\com\fasterxml\jackson\core\jackson-annotations\2.13.0\jackson-annotations-2.13.0.jar;E:\Program Files\apache-maven-3.8.1\maven-repo\com\fasterxml\jackson\core\jackson-core\2.13.0\jackson-core-2.13.0.jar;E:\Program Files\apache-maven-3.8.1\maven-repo\org\testng\testng\7.4.0\testng-7.4.0.jar;E:\Program Files\apache-maven-3.8.1\maven-repo\com\beust\jcommander\1.78\jcommander-1.78.jar;E:\Program Files\apache-maven-3.8.1\maven-repo\org\webjars\jquery\3.5.1\jquery-3.5.1.jar;E:\Program Files\apache-maven-3.8.1\maven-repo\org\springframework\boot\spring-boot-configuration-processor\2.6.0\spring-boot-configuration-processor-2.6.0.jar;"/>
    <property name="sun.cpu.endian" value="little"/>
    <property name="user.home" value="C:\Users\92600"/>
    <property name="user.language" value="zh"/>
    <property name="java.specification.vendor" value="Oracle Corporation"/>
    <property name="java.home" value="C:\Program Files\Java\jdk1.8.0_281\jre"/>
    <property name="basedir" value="H:\MyWeb"/>
    <property name="file.separator" value="\"/>
    <property name="line.separator" value="&#10;"/>
    <property name="java.vm.specification.vendor" value="Oracle Corporation"/>
    <property name="java.specification.name" value="Java Platform API Specification"/>
    <property name="java.awt.graphicsenv" value="sun.awt.Win32GraphicsEnvironment"/>
    <property name="surefire.real.class.path" value="C:\Users\92600\AppData\Local\Temp\surefire293197598878586314\surefirebooter3711851123477767974.jar"/>
    <property name="sun.boot.class.path" value="C:\Program Files\Java\jdk1.8.0_281\jre\lib\resources.jar;C:\Program Files\Java\jdk1.8.0_281\jre\lib\rt.jar;C:\Program Files\Java\jdk1.8.0_281\jre\lib\sunrsasign.jar;C:\Program Files\Java\jdk1.8.0_281\jre\lib\jsse.jar;C:\Program Files\Java\jdk1.8.0_281\jre\lib\jce.jar;C:\Program Files\Java\jdk1.8.0_281\jre\lib\charsets.jar;C:\Program Files\Java\jdk1.8.0_281\jre\lib\jfr.jar;C:\Program Files\Java\jdk1.8.0_281\jre\classes"/>
    <property name="user.script" value=""/>
    <property name="sun.management.compiler" value="HotSpot 64-Bit Tiered Compilers"/>
    <property name="java.runtime.version" value="1.8.0_281-b09"/>
    <property name="user.name" value="92600"/>
    <property name="path.separator" value=";"/>
    <property name="os.version" value="10.0"/>
    <property name="java.endorsed.dirs" value="C:\Program Files\Java\jdk1.8.0_281\jre\lib\endorsed"/>
    <property name="java.runtime.name" value="Java(TM) SE Runtime Environment"/>
    <property name="file.encoding" value="GBK"/>
    <property name="java.vm.name" value="Java HotSpot(TM) 64-Bit Server VM"/>
    <property name="localRepository" value="E:\Program Files\apache-maven-3.8.1\maven-repo"/>
    <property name="java.vendor.url.bug" value="http://bugreport.sun.com/bugreport/"/>
    <property name="java.io.tmpdir" value="C:\Users\92600\AppData\Local\Temp\"/>
    <property name="idea.version" value="2021.2.3"/>
    <property name="java.version" value="1.8.0_281"/>
    <property name="user.dir" value="H:\MyWeb"/>
    <property name="os.arch" value="amd64"/>
    <property name="java.vm.specification.name" value="Java Virtual Machine Specification"/>
    <property name="java.awt.printerjob" value="sun.awt.windows.WPrinterJob"/>
    <property name="sun.os.patch.level" value=""/>
    <property name="java.library.path" value="C:\Program Files\Java\jdk1.8.0_281\jre\bin;C:\WINDOWS\Sun\Java\bin;C:\WINDOWS\system32;C:\WINDOWS;C:\Program Files (x86)\Razer Chroma SDK\bin;C:\Program Files\Razer Chroma SDK\bin;C:\Program Files (x86)\Razer\ChromaBroadcast\bin;C:\Program Files\Razer\ChromaBroadcast\bin;C:\Program Files (x86)\Common Files\Intel\Shared Libraries\redist\intel64\compiler;C:\Program Files (x86)\Common Files\Oracle\Java\javapath;C:\Windows\system32;C:\Windows;C:\Windows\System32\Wbem;C:\Windows\System32\WindowsPowerShell\v1.0\;C:\Windows\System32\OpenSSH\;C:\Program Files (x86)\NVIDIA Corporation\PhysX\Common;C:\Program Files\NVIDIA Corporation\NVIDIA NvDLISR;C:\Program Files\Java\jdk1.8.0_281\bin;C:\Program Files\Java\jdk1.8.0_281\jre\bin;E:\Program Files\apache-maven-3.8.1\bin;E:\Program Files\Shell\;E:\Program Files\mysql-5.7.19\bin;C:\Windows\system32\config\systemprofile\AppData\Local\Microsoft\WindowsApps;C:\WINDOWS\system32;C:\WINDOWS;C:\WINDOWS\System32\Wbem;C:\WINDOWS\System32\WindowsPowerShell\v1.0\;C:\WINDOWS\System32\OpenSSH\;E:\Program Files (x86)\Git\cmd;E:\Program Files\nodejs\;E:\Anaconda3;E:\Anaconda3\Library\mingw-w64\bin;E:\Anaconda3\Library\usr\bin;E:\Anaconda3\Library\bin;E:\Anaconda3\Scripts;C:\Users\92600\AppData\Local\Microsoft\WindowsApps;E:\Program Files\Pycharm\bin;;E:\Program Files\Bandzip\;E:\Program Files\Dev\bin;;E:\Program Files\IDEA\IntelliJ IDEA 2021.2.3\bin;;E:\Program Files\Microsoft VS Code\bin;C:\Users\92600\AppData\Roaming\npm;."/>
    <property name="java.vm.info" value="mixed mode"/>
    <property name="java.vendor" value="Oracle Corporation"/>
    <property name="java.vm.version" value="25.281-b09"/>
    <property name="java.ext.dirs" value="C:\Program Files\Java\jdk1.8.0_281\jre\lib\ext;C:\WINDOWS\Sun\Java\lib\ext"/>
    <property name="sun.io.unicode.encoding" value="UnicodeLittle"/>
    <property name="maven.repo.local" value="E:\Program Files\apache-maven-3.8.1\maven-repo"/>
    <property name="java.class.version" value="52.0"/>
  </properties>
</testsuite>